2025-03-11 09:10:04,676 - INFO - 开始加载文件夹: /Users/xingyulu/Public/physionet/non_vf_windows
2025-03-11 09:19:21,782 - INFO - 开始加载文件夹: /Users/xingyulu/Public/监护心电预警/公开数据/室颤/extracted_segments/valid_data/non_vf
2025-03-11 09:19:21,824 - INFO - 文件夹加载完成: /Users/xingyulu/Public/监护心电预警/公开数据/室颤/extracted_segments/valid_data/non_vf, 加载数据量: 0
2025-03-11 09:19:21,824 - INFO - 开始加载文件夹: /Users/xingyulu/Public/监护心电预警/公开数据/室颤/extracted_segments/valid_data/vf
2025-03-11 09:19:21,824 - INFO - 文件夹加载完成: /Users/xingyulu/Public/监护心电预警/公开数据/室颤/extracted_segments/valid_data/vf, 加载数据量: 0
2025-03-11 09:43:13,304 - INFO - 开始加载文件夹: /Users/xingyulu/Public/监护心电预警/公开数据/室颤/extracted_segments/valid_data/non_vf
2025-03-11 09:43:13,315 - INFO - 文件夹加载完成: /Users/xingyulu/Public/监护心电预警/公开数据/室颤/extracted_segments/valid_data/non_vf, 加载数据量: 0
2025-03-11 09:43:13,315 - INFO - 开始加载文件夹: /Users/xingyulu/Public/监护心电预警/公开数据/室颤/extracted_segments/valid_data/vf
2025-03-11 09:43:13,316 - INFO - 文件夹加载完成: /Users/xingyulu/Public/监护心电预警/公开数据/室颤/extracted_segments/valid_data/vf, 加载数据量: 0
2025-03-11 09:43:53,715 - INFO - 开始加载文件夹: /Users/xingyulu/Public/监护心电预警/公开数据/室颤/extracted_segments/valid_data/non_vf
2025-03-11 09:43:53,725 - INFO - 文件夹加载完成: /Users/xingyulu/Public/监护心电预警/公开数据/室颤/extracted_segments/valid_data/non_vf, 加载数据量: 0
2025-03-11 09:43:53,725 - INFO - 开始加载文件夹: /Users/xingyulu/Public/监护心电预警/公开数据/室颤/extracted_segments/valid_data/vf
2025-03-11 09:43:53,726 - INFO - 文件夹加载完成: /Users/xingyulu/Public/监护心电预警/公开数据/室颤/extracted_segments/valid_data/vf, 加载数据量: 0
2025-03-11 09:44:04,962 - INFO - 开始加载文件夹: /Users/xingyulu/Public/监护心电预警/公开数据/室颤/extracted_segments/valid_data/non_vf
2025-03-11 09:44:04,972 - INFO - 文件夹加载完成: /Users/xingyulu/Public/监护心电预警/公开数据/室颤/extracted_segments/valid_data/non_vf, 加载数据量: 0
2025-03-11 09:44:04,972 - INFO - 开始加载文件夹: /Users/xingyulu/Public/监护心电预警/公开数据/室颤/extracted_segments/valid_data/vf
2025-03-11 09:44:04,973 - INFO - 文件夹加载完成: /Users/xingyulu/Public/监护心电预警/公开数据/室颤/extracted_segments/valid_data/vf, 加载数据量: 0
2025-03-11 09:49:14,271 - INFO - 开始加载文件夹: /Users/xingyulu/Public/监护心电预警/公开数据/室颤/extracted_segments/valid_data/non_vf
2025-03-11 09:53:52,431 - INFO - 文件夹加载完成: /Users/xingyulu/Public/监护心电预警/公开数据/室颤/extracted_segments/valid_data/non_vf, 加载数据量: 0
2025-03-11 09:53:52,432 - INFO - 开始加载文件夹: /Users/xingyulu/Public/监护心电预警/公开数据/室颤/extracted_segments/valid_data/vf
2025-03-11 09:53:54,341 - INFO - 文件夹加载完成: /Users/xingyulu/Public/监护心电预警/公开数据/室颤/extracted_segments/valid_data/vf, 加载数据量: 0
2025-03-11 11:54:54,857 - INFO - 开始加载文件夹: /Users/xingyulu/Public/监护心电预警/公开数据/室颤/data_proccess/window_data/non_vf_windows
2025-03-11 11:54:54,948 - ERROR - 加载文件失败: /Users/xingyulu/Public/监护心电预警/公开数据/室颤/data_proccess/window_data/non_vf_windows/.DS_Store, 错误: Cannot load file containing pickled data when allow_pickle=False
2025-03-11 11:54:55,310 - INFO - 文件夹加载完成: /Users/xingyulu/Public/监护心电预警/公开数据/室颤/data_proccess/window_data/non_vf_windows, 加载数据量: 935
2025-03-11 11:54:55,310 - INFO - 开始加载文件夹: /Users/xingyulu/Public/监护心电预警/公开数据/室颤/data_proccess/window_data/vf_windows
2025-03-11 11:54:55,335 - ERROR - 加载文件失败: /Users/xingyulu/Public/监护心电预警/公开数据/室颤/data_proccess/window_data/vf_windows/.DS_Store, 错误: Cannot load file containing pickled data when allow_pickle=False
2025-03-11 11:54:55,431 - INFO - 文件夹加载完成: /Users/xingyulu/Public/监护心电预警/公开数据/室颤/data_proccess/window_data/vf_windows, 加载数据量: 276
2025-03-11 13:54:25,536 - INFO - 开始加载文件夹: /Users/xingyulu/Public/监护心电预警/公开数据/室颤/data_proccess/window_data/non_vf_windows
2025-03-11 13:54:25,657 - ERROR - 加载文件失败: /Users/xingyulu/Public/监护心电预警/公开数据/室颤/data_proccess/window_data/non_vf_windows/.DS_Store, 错误: Cannot load file containing pickled data when allow_pickle=False
2025-03-11 13:54:26,173 - INFO - 文件夹加载完成: /Users/xingyulu/Public/监护心电预警/公开数据/室颤/data_proccess/window_data/non_vf_windows, 加载数据量: 935
2025-03-11 13:54:26,173 - INFO - 开始加载文件夹: /Users/xingyulu/Public/监护心电预警/公开数据/室颤/data_proccess/window_data/vf_windows
2025-03-11 13:54:26,207 - ERROR - 加载文件失败: /Users/xingyulu/Public/监护心电预警/公开数据/室颤/data_proccess/window_data/vf_windows/.DS_Store, 错误: Cannot load file containing pickled data when allow_pickle=False
2025-03-11 13:54:26,338 - INFO - 文件夹加载完成: /Users/xingyulu/Public/监护心电预警/公开数据/室颤/data_proccess/window_data/vf_windows, 加载数据量: 276
2025-03-11 14:03:27,591 - INFO - 开始加载文件夹: /Users/xingyulu/Public/监护心电预警/公开数据/室颤/data_proccess/window_data/non_vf_windows
2025-03-11 14:03:27,692 - ERROR - 加载文件失败: /Users/xingyulu/Public/监护心电预警/公开数据/室颤/data_proccess/window_data/non_vf_windows/.DS_Store, 错误: Cannot load file containing pickled data when allow_pickle=False
2025-03-11 14:03:28,175 - INFO - 文件夹加载完成: /Users/xingyulu/Public/监护心电预警/公开数据/室颤/data_proccess/window_data/non_vf_windows, 加载数据量: 935
2025-03-11 14:03:28,175 - INFO - 开始加载文件夹: /Users/xingyulu/Public/监护心电预警/公开数据/室颤/data_proccess/window_data/vf_windows
2025-03-11 14:03:28,206 - ERROR - 加载文件失败: /Users/xingyulu/Public/监护心电预警/公开数据/室颤/data_proccess/window_data/vf_windows/.DS_Store, 错误: Cannot load file containing pickled data when allow_pickle=False
2025-03-11 14:03:28,334 - INFO - 文件夹加载完成: /Users/xingyulu/Public/监护心电预警/公开数据/室颤/data_proccess/window_data/vf_windows, 加载数据量: 276
2025-03-11 14:22:47,557 - INFO - 开始加载文件夹: /Users/xingyulu/Public/监护心电预警/公开数据/室颤/data_proccess/window_data/non_vf_windows
2025-03-11 14:22:47,637 - ERROR - 加载文件失败: /Users/xingyulu/Public/监护心电预警/公开数据/室颤/data_proccess/window_data/non_vf_windows/.DS_Store, 错误: Cannot load file containing pickled data when allow_pickle=False
2025-03-11 14:22:47,997 - INFO - 文件夹加载完成: /Users/xingyulu/Public/监护心电预警/公开数据/室颤/data_proccess/window_data/non_vf_windows, 加载数据量: 935
2025-03-11 14:22:47,997 - INFO - 开始加载文件夹: /Users/xingyulu/Public/监护心电预警/公开数据/室颤/data_proccess/window_data/vf_windows
2025-03-11 14:22:48,021 - ERROR - 加载文件失败: /Users/xingyulu/Public/监护心电预警/公开数据/室颤/data_proccess/window_data/vf_windows/.DS_Store, 错误: Cannot load file containing pickled data when allow_pickle=False
2025-03-11 14:22:48,115 - INFO - 文件夹加载完成: /Users/xingyulu/Public/监护心电预警/公开数据/室颤/data_proccess/window_data/vf_windows, 加载数据量: 276
2025-03-11 14:23:07,472 - INFO - 开始加载文件夹: /Users/xingyulu/Public/监护心电预警/公开数据/室颤/data_proccess/window_data/non_vf_windows
2025-03-11 14:23:07,521 - ERROR - 加载文件失败: /Users/xingyulu/Public/监护心电预警/公开数据/室颤/data_proccess/window_data/non_vf_windows/.DS_Store, 错误: Cannot load file containing pickled data when allow_pickle=False
2025-03-11 14:23:07,732 - INFO - 文件夹加载完成: /Users/xingyulu/Public/监护心电预警/公开数据/室颤/data_proccess/window_data/non_vf_windows, 加载数据量: 935
2025-03-11 14:23:07,732 - INFO - 开始加载文件夹: /Users/xingyulu/Public/监护心电预警/公开数据/室颤/data_proccess/window_data/vf_windows
2025-03-11 14:23:07,746 - ERROR - 加载文件失败: /Users/xingyulu/Public/监护心电预警/公开数据/室颤/data_proccess/window_data/vf_windows/.DS_Store, 错误: Cannot load file containing pickled data when allow_pickle=False
2025-03-11 14:23:07,803 - INFO - 文件夹加载完成: /Users/xingyulu/Public/监护心电预警/公开数据/室颤/data_proccess/window_data/vf_windows, 加载数据量: 276
2025-03-11 14:41:56,412 - INFO - 开始加载文件夹: /Users/xingyulu/Public/监护心电预警/公开数据/室颤/data_proccess/window_data/non_vf_windows
2025-03-11 14:41:56,492 - ERROR - 加载文件失败: /Users/xingyulu/Public/监护心电预警/公开数据/室颤/data_proccess/window_data/non_vf_windows/.DS_Store, 错误: Cannot load file containing pickled data when allow_pickle=False
2025-03-11 14:41:56,852 - INFO - 文件夹加载完成: /Users/xingyulu/Public/监护心电预警/公开数据/室颤/data_proccess/window_data/non_vf_windows, 加载数据量: 935
2025-03-11 14:41:56,852 - INFO - 开始加载文件夹: /Users/xingyulu/Public/监护心电预警/公开数据/室颤/data_proccess/window_data/vf_windows
2025-03-11 14:41:56,877 - ERROR - 加载文件失败: /Users/xingyulu/Public/监护心电预警/公开数据/室颤/data_proccess/window_data/vf_windows/.DS_Store, 错误: Cannot load file containing pickled data when allow_pickle=False
2025-03-11 14:41:56,970 - INFO - 文件夹加载完成: /Users/xingyulu/Public/监护心电预警/公开数据/室颤/data_proccess/window_data/vf_windows, 加载数据量: 276
2025-03-11 14:48:20,891 - INFO - 开始加载文件夹: /Users/xingyulu/Public/监护心电预警/公开数据/室颤/data_proccess/window_data/non_vf_windows
2025-03-11 14:48:20,923 - ERROR - 加载文件失败: /Users/xingyulu/Public/监护心电预警/公开数据/室颤/data_proccess/window_data/non_vf_windows/.DS_Store, 错误: Cannot load file containing pickled data when allow_pickle=False
2025-03-11 14:48:20,992 - INFO - 文件夹加载完成: /Users/xingyulu/Public/监护心电预警/公开数据/室颤/data_proccess/window_data/non_vf_windows, 加载数据量: 935
2025-03-11 14:48:20,993 - INFO - 开始加载文件夹: /Users/xingyulu/Public/监护心电预警/公开数据/室颤/data_proccess/window_data/vf_windows
2025-03-11 14:48:20,999 - ERROR - 加载文件失败: /Users/xingyulu/Public/监护心电预警/公开数据/室颤/data_proccess/window_data/vf_windows/.DS_Store, 错误: Cannot load file containing pickled data when allow_pickle=False
2025-03-11 14:48:21,019 - INFO - 文件夹加载完成: /Users/xingyulu/Public/监护心电预警/公开数据/室颤/data_proccess/window_data/vf_windows, 加载数据量: 276
2025-03-11 14:49:12,295 - INFO - 开始加载文件夹: /Users/xingyulu/Public/监护心电预警/公开数据/室颤/data_proccess/window_data/non_vf_windows
2025-03-11 14:49:12,318 - ERROR - 加载文件失败: /Users/xingyulu/Public/监护心电预警/公开数据/室颤/data_proccess/window_data/non_vf_windows/.DS_Store, 错误: Cannot load file containing pickled data when allow_pickle=False
2025-03-11 14:49:12,389 - INFO - 文件夹加载完成: /Users/xingyulu/Public/监护心电预警/公开数据/室颤/data_proccess/window_data/non_vf_windows, 加载数据量: 935
2025-03-11 14:49:12,389 - INFO - 开始加载文件夹: /Users/xingyulu/Public/监护心电预警/公开数据/室颤/data_proccess/window_data/vf_windows
2025-03-11 14:49:12,394 - ERROR - 加载文件失败: /Users/xingyulu/Public/监护心电预警/公开数据/室颤/data_proccess/window_data/vf_windows/.DS_Store, 错误: Cannot load file containing pickled data when allow_pickle=False
2025-03-11 14:49:12,413 - INFO - 文件夹加载完成: /Users/xingyulu/Public/监护心电预警/公开数据/室颤/data_proccess/window_data/vf_windows, 加载数据量: 276
2025-03-11 14:51:45,341 - INFO - 开始加载文件夹: /Users/xingyulu/Public/监护心电预警/公开数据/室颤/data_proccess/window_data/non_vf_windows
2025-03-11 14:51:45,363 - ERROR - 加载文件失败: /Users/xingyulu/Public/监护心电预警/公开数据/室颤/data_proccess/window_data/non_vf_windows/.DS_Store, 错误: Cannot load file containing pickled data when allow_pickle=False
2025-03-11 14:51:45,431 - INFO - 文件夹加载完成: /Users/xingyulu/Public/监护心电预警/公开数据/室颤/data_proccess/window_data/non_vf_windows, 加载数据量: 935
2025-03-11 14:51:45,431 - INFO - 开始加载文件夹: /Users/xingyulu/Public/监护心电预警/公开数据/室颤/data_proccess/window_data/vf_windows
2025-03-11 14:51:45,435 - ERROR - 加载文件失败: /Users/xingyulu/Public/监护心电预警/公开数据/室颤/data_proccess/window_data/vf_windows/.DS_Store, 错误: Cannot load file containing pickled data when allow_pickle=False
2025-03-11 14:51:45,454 - INFO - 文件夹加载完成: /Users/xingyulu/Public/监护心电预警/公开数据/室颤/data_proccess/window_data/vf_windows, 加载数据量: 276
